<?xml version="1.0" encoding="UTF-8"?>
<testsuite xmlns:xsi="http://www.w3.org/2001/XMLSchema-instance" xsi:noNamespaceSchemaLocation="https://maven.apache.org/surefire/maven-surefire-plugin/xsd/surefire-test-report.xsd" name="com.mao.helloworld.HelloworldApplicationTests" time="1.713" tests="1" errors="0" skipped="0" failures="0">
  <properties>
    <property name="sun.desktop" value="windows"/>
    <property name="awt.toolkit" value="sun.awt.windows.WToolkit"/>
    <property name="file.encoding.pkg" value="sun.io"/>
    <property name="java.specification.version" value="1.8"/>
    <property name="sun.cpu.isalist" value="amd64"/>
    <property name="sun.jnu.encoding" value="GBK"/>
    <property name="java.class.path" value="E:\soft\workspace\SpringBoot\helloworld\target\test-classes;E:\soft\workspace\SpringBoot\helloworld\target\classes;E:\maven\localRepository\org\springframework\boot\spring-boot-starter-web\2.5.3\spring-boot-starter-web-2.5.3.jar;E:\maven\localRepository\org\springframework\boot\spring-boot-starter\2.5.3\spring-boot-starter-2.5.3.jar;E:\maven\localRepository\org\springframework\boot\spring-boot\2.5.3\spring-boot-2.5.3.jar;E:\maven\localRepository\org\springframework\boot\spring-boot-autoconfigure\2.5.3\spring-boot-autoconfigure-2.5.3.jar;E:\maven\localRepository\org\springframework\boot\spring-boot-starter-logging\2.5.3\spring-boot-starter-logging-2.5.3.jar;E:\maven\localRepository\ch\qos\logback\logback-classic\1.2.4\logback-classic-1.2.4.jar;E:\maven\localRepository\ch\qos\logback\logback-core\1.2.4\logback-core-1.2.4.jar;E:\maven\localRepository\org\apache\logging\log4j\log4j-to-slf4j\2.14.1\log4j-to-slf4j-2.14.1.jar;E:\maven\localRepository\org\apache\logging\log4j\log4j-api\2.14.1\log4j-api-2.14.1.jar;E:\maven\localRepository\org\slf4j\jul-to-slf4j\1.7.32\jul-to-slf4j-1.7.32.jar;E:\maven\localRepository\jakarta\annotation\jakarta.annotation-api\1.3.5\jakarta.annotation-api-1.3.5.jar;E:\maven\localRepository\org\yaml\snakeyaml\1.28\snakeyaml-1.28.jar;E:\maven\localRepository\org\springframework\boot\spring-boot-starter-json\2.5.3\spring-boot-starter-json-2.5.3.jar;E:\maven\localRepository\com\fasterxml\jackson\core\jackson-databind\2.12.4\jackson-databind-2.12.4.jar;E:\maven\localRepository\com\fasterxml\jackson\core\jackson-annotations\2.12.4\jackson-annotations-2.12.4.jar;E:\maven\localRepository\com\fasterxml\jackson\core\jackson-core\2.12.4\jackson-core-2.12.4.jar;E:\maven\localRepository\com\fasterxml\jackson\datatype\jackson-datatype-jdk8\2.12.4\jackson-datatype-jdk8-2.12.4.jar;E:\maven\localRepository\com\fasterxml\jackson\datatype\jackson-datatype-jsr310\2.12.4\jackson-datatype-jsr310-2.12.4.jar;E:\maven\localRepository\com\fasterxml\jackson\module\jackson-module-parameter-names\2.12.4\jackson-module-parameter-names-2.12.4.jar;E:\maven\localRepository\org\springframework\boot\spring-boot-starter-tomcat\2.5.3\spring-boot-starter-tomcat-2.5.3.jar;E:\maven\localRepository\org\apache\tomcat\embed\tomcat-embed-core\9.0.50\tomcat-embed-core-9.0.50.jar;E:\maven\localRepository\org\apache\tomcat\embed\tomcat-embed-el\9.0.50\tomcat-embed-el-9.0.50.jar;E:\maven\localRepository\org\apache\tomcat\embed\tomcat-embed-websocket\9.0.50\tomcat-embed-websocket-9.0.50.jar;E:\maven\localRepository\org\springframework\spring-web\5.3.9\spring-web-5.3.9.jar;E:\maven\localRepository\org\springframework\spring-beans\5.3.9\spring-beans-5.3.9.jar;E:\maven\localRepository\org\springframework\spring-webmvc\5.3.9\spring-webmvc-5.3.9.jar;E:\maven\localRepository\org\springframework\spring-aop\5.3.9\spring-aop-5.3.9.jar;E:\maven\localRepository\org\springframework\spring-context\5.3.9\spring-context-5.3.9.jar;E:\maven\localRepository\org\springframework\spring-expression\5.3.9\spring-expression-5.3.9.jar;E:\maven\localRepository\org\springframework\boot\spring-boot-starter-test\2.5.3\spring-boot-starter-test-2.5.3.jar;E:\maven\localRepository\org\springframework\boot\spring-boot-test\2.5.3\spring-boot-test-2.5.3.jar;E:\maven\localRepository\org\springframework\boot\spring-boot-test-autoconfigure\2.5.3\spring-boot-test-autoconfigure-2.5.3.jar;E:\maven\localRepository\com\jayway\jsonpath\json-path\2.5.0\json-path-2.5.0.jar;E:\maven\localRepository\net\minidev\json-smart\2.4.7\json-smart-2.4.7.jar;E:\maven\localRepository\net\minidev\accessors-smart\2.4.7\accessors-smart-2.4.7.jar;E:\maven\localRepository\org\ow2\asm\asm\9.1\asm-9.1.jar;E:\maven\localRepository\org\slf4j\slf4j-api\1.7.32\slf4j-api-1.7.32.jar;E:\maven\localRepository\jakarta\xml\bind\jakarta.xml.bind-api\2.3.3\jakarta.xml.bind-api-2.3.3.jar;E:\maven\localRepository\jakarta\activation\jakarta.activation-api\1.2.2\jakarta.activation-api-1.2.2.jar;E:\maven\localRepository\org\assertj\assertj-core\3.19.0\assertj-core-3.19.0.jar;E:\maven\localRepository\org\hamcrest\hamcrest\2.2\hamcrest-2.2.jar;E:\maven\localRepository\org\junit\jupiter\junit-jupiter\5.7.2\junit-jupiter-5.7.2.jar;E:\maven\localRepository\org\junit\jupiter\junit-jupiter-api\5.7.2\junit-jupiter-api-5.7.2.jar;E:\maven\localRepository\org\apiguardian\apiguardian-api\1.1.0\apiguardian-api-1.1.0.jar;E:\maven\localRepository\org\opentest4j\opentest4j\1.2.0\opentest4j-1.2.0.jar;E:\maven\localRepository\org\junit\platform\junit-platform-commons\1.7.2\junit-platform-commons-1.7.2.jar;E:\maven\localRepository\org\junit\jupiter\junit-jupiter-params\5.7.2\junit-jupiter-params-5.7.2.jar;E:\maven\localRepository\org\junit\jupiter\junit-jupiter-engine\5.7.2\junit-jupiter-engine-5.7.2.jar;E:\maven\localRepository\org\junit\platform\junit-platform-engine\1.7.2\junit-platform-engine-1.7.2.jar;E:\maven\localRepository\org\mockito\mockito-core\3.9.0\mockito-core-3.9.0.jar;E:\maven\localRepository\net\bytebuddy\byte-buddy\1.10.22\byte-buddy-1.10.22.jar;E:\maven\localRepository\net\bytebuddy\byte-buddy-agent\1.10.22\byte-buddy-agent-1.10.22.jar;E:\maven\localRepository\org\objenesis\objenesis\3.2\objenesis-3.2.jar;E:\maven\localRepository\org\mockito\mockito-junit-jupiter\3.9.0\mockito-junit-jupiter-3.9.0.jar;E:\maven\localRepository\org\skyscreamer\jsonassert\1.5.0\jsonassert-1.5.0.jar;E:\maven\localRepository\com\vaadin\external\google\android-json\0.0.20131108.vaadin1\android-json-0.0.20131108.vaadin1.jar;E:\maven\localRepository\org\springframework\spring-core\5.3.9\spring-core-5.3.9.jar;E:\maven\localRepository\org\springframework\spring-jcl\5.3.9\spring-jcl-5.3.9.jar;E:\maven\localRepository\org\springframework\spring-test\5.3.9\spring-test-5.3.9.jar;E:\maven\localRepository\org\xmlunit\xmlunit-core\2.8.2\xmlunit-core-2.8.2.jar;"/>
    <property name="java.vm.vendor" value="Oracle Corporation"/>
    <property name="sun.arch.data.model" value="64"/>
    <property name="user.variant" value=""/>
    <property name="java.vendor.url" value="http://java.oracle.com/"/>
    <property name="user.timezone" value="Asia/Shanghai"/>
    <property name="java.vm.specification.version" value="1.8"/>
    <property name="os.name" value="Windows 10"/>
    <property name="user.country" value="CN"/>
    <property name="sun.java.launcher" value="SUN_STANDARD"/>
    <property name="sun.boot.library.path" value="C:\Program Files\Java\jdk1.8.0_221\jre\bin"/>
    <property name="sun.java.command" value="C:\Users\Hasee\AppData\Local\Temp\surefire4287909193105031544\surefirebooter2274859671205640482.jar C:\Users\Hasee\AppData\Local\Temp\surefire4287909193105031544 2021-08-12T15-13-43_455-jvmRun1 surefire4840115243065456807tmp surefire_01284643980769464780tmp"/>
    <property name="surefire.test.class.path" value="E:\soft\workspace\SpringBoot\helloworld\target\test-classes;E:\soft\workspace\SpringBoot\helloworld\target\classes;E:\maven\localRepository\org\springframework\boot\spring-boot-starter-web\2.5.3\spring-boot-starter-web-2.5.3.jar;E:\maven\localRepository\org\springframework\boot\spring-boot-starter\2.5.3\spring-boot-starter-2.5.3.jar;E:\maven\localRepository\org\springframework\boot\spring-boot\2.5.3\spring-boot-2.5.3.jar;E:\maven\localRepository\org\springframework\boot\spring-boot-autoconfigure\2.5.3\spring-boot-autoconfigure-2.5.3.jar;E:\maven\localRepository\org\springframework\boot\spring-boot-starter-logging\2.5.3\spring-boot-starter-logging-2.5.3.jar;E:\maven\localRepository\ch\qos\logback\logback-classic\1.2.4\logback-classic-1.2.4.jar;E:\maven\localRepository\ch\qos\logback\logback-core\1.2.4\logback-core-1.2.4.jar;E:\maven\localRepository\org\apache\logging\log4j\log4j-to-slf4j\2.14.1\log4j-to-slf4j-2.14.1.jar;E:\maven\localRepository\org\apache\logging\log4j\log4j-api\2.14.1\log4j-api-2.14.1.jar;E:\maven\localRepository\org\slf4j\jul-to-slf4j\1.7.32\jul-to-slf4j-1.7.32.jar;E:\maven\localRepository\jakarta\annotation\jakarta.annotation-api\1.3.5\jakarta.annotation-api-1.3.5.jar;E:\maven\localRepository\org\yaml\snakeyaml\1.28\snakeyaml-1.28.jar;E:\maven\localRepository\org\springframework\boot\spring-boot-starter-json\2.5.3\spring-boot-starter-json-2.5.3.jar;E:\maven\localRepository\com\fasterxml\jackson\core\jackson-databind\2.12.4\jackson-databind-2.12.4.jar;E:\maven\localRepository\com\fasterxml\jackson\core\jackson-annotations\2.12.4\jackson-annotations-2.12.4.jar;E:\maven\localRepository\com\fasterxml\jackson\core\jackson-core\2.12.4\jackson-core-2.12.4.jar;E:\maven\localRepository\com\fasterxml\jackson\datatype\jackson-datatype-jdk8\2.12.4\jackson-datatype-jdk8-2.12.4.jar;E:\maven\localRepository\com\fasterxml\jackson\datatype\jackson-datatype-jsr310\2.12.4\jackson-datatype-jsr310-2.12.4.jar;E:\maven\localRepository\com\fasterxml\jackson\module\jackson-module-parameter-names\2.12.4\jackson-module-parameter-names-2.12.4.jar;E:\maven\localRepository\org\springframework\boot\spring-boot-starter-tomcat\2.5.3\spring-boot-starter-tomcat-2.5.3.jar;E:\maven\localRepository\org\apache\tomcat\embed\tomcat-embed-core\9.0.50\tomcat-embed-core-9.0.50.jar;E:\maven\localRepository\org\apache\tomcat\embed\tomcat-embed-el\9.0.50\tomcat-embed-el-9.0.50.jar;E:\maven\localRepository\org\apache\tomcat\embed\tomcat-embed-websocket\9.0.50\tomcat-embed-websocket-9.0.50.jar;E:\maven\localRepository\org\springframework\spring-web\5.3.9\spring-web-5.3.9.jar;E:\maven\localRepository\org\springframework\spring-beans\5.3.9\spring-beans-5.3.9.jar;E:\maven\localRepository\org\springframework\spring-webmvc\5.3.9\spring-webmvc-5.3.9.jar;E:\maven\localRepository\org\springframework\spring-aop\5.3.9\spring-aop-5.3.9.jar;E:\maven\localRepository\org\springframework\spring-context\5.3.9\spring-context-5.3.9.jar;E:\maven\localRepository\org\springframework\spring-expression\5.3.9\spring-expression-5.3.9.jar;E:\maven\localRepository\org\springframework\boot\spring-boot-starter-test\2.5.3\spring-boot-starter-test-2.5.3.jar;E:\maven\localRepository\org\springframework\boot\spring-boot-test\2.5.3\spring-boot-test-2.5.3.jar;E:\maven\localRepository\org\springframework\boot\spring-boot-test-autoconfigure\2.5.3\spring-boot-test-autoconfigure-2.5.3.jar;E:\maven\localRepository\com\jayway\jsonpath\json-path\2.5.0\json-path-2.5.0.jar;E:\maven\localRepository\net\minidev\json-smart\2.4.7\json-smart-2.4.7.jar;E:\maven\localRepository\net\minidev\accessors-smart\2.4.7\accessors-smart-2.4.7.jar;E:\maven\localRepository\org\ow2\asm\asm\9.1\asm-9.1.jar;E:\maven\localRepository\org\slf4j\slf4j-api\1.7.32\slf4j-api-1.7.32.jar;E:\maven\localRepository\jakarta\xml\bind\jakarta.xml.bind-api\2.3.3\jakarta.xml.bind-api-2.3.3.jar;E:\maven\localRepository\jakarta\activation\jakarta.activation-api\1.2.2\jakarta.activation-api-1.2.2.jar;E:\maven\localRepository\org\assertj\assertj-core\3.19.0\assertj-core-3.19.0.jar;E:\maven\localRepository\org\hamcrest\hamcrest\2.2\hamcrest-2.2.jar;E:\maven\localRepository\org\junit\jupiter\junit-jupiter\5.7.2\junit-jupiter-5.7.2.jar;E:\maven\localRepository\org\junit\jupiter\junit-jupiter-api\5.7.2\junit-jupiter-api-5.7.2.jar;E:\maven\localRepository\org\apiguardian\apiguardian-api\1.1.0\apiguardian-api-1.1.0.jar;E:\maven\localRepository\org\opentest4j\opentest4j\1.2.0\opentest4j-1.2.0.jar;E:\maven\localRepository\org\junit\platform\junit-platform-commons\1.7.2\junit-platform-commons-1.7.2.jar;E:\maven\localRepository\org\junit\jupiter\junit-jupiter-params\5.7.2\junit-jupiter-params-5.7.2.jar;E:\maven\localRepository\org\junit\jupiter\junit-jupiter-engine\5.7.2\junit-jupiter-engine-5.7.2.jar;E:\maven\localRepository\org\junit\platform\junit-platform-engine\1.7.2\junit-platform-engine-1.7.2.jar;E:\maven\localRepository\org\mockito\mockito-core\3.9.0\mockito-core-3.9.0.jar;E:\maven\localRepository\net\bytebuddy\byte-buddy\1.10.22\byte-buddy-1.10.22.jar;E:\maven\localRepository\net\bytebuddy\byte-buddy-agent\1.10.22\byte-buddy-agent-1.10.22.jar;E:\maven\localRepository\org\objenesis\objenesis\3.2\objenesis-3.2.jar;E:\maven\localRepository\org\mockito\mockito-junit-jupiter\3.9.0\mockito-junit-jupiter-3.9.0.jar;E:\maven\localRepository\org\skyscreamer\jsonassert\1.5.0\jsonassert-1.5.0.jar;E:\maven\localRepository\com\vaadin\external\google\android-json\0.0.20131108.vaadin1\android-json-0.0.20131108.vaadin1.jar;E:\maven\localRepository\org\springframework\spring-core\5.3.9\spring-core-5.3.9.jar;E:\maven\localRepository\org\springframework\spring-jcl\5.3.9\spring-jcl-5.3.9.jar;E:\maven\localRepository\org\springframework\spring-test\5.3.9\spring-test-5.3.9.jar;E:\maven\localRepository\org\xmlunit\xmlunit-core\2.8.2\xmlunit-core-2.8.2.jar;"/>
    <property name="sun.cpu.endian" value="little"/>
    <property name="user.home" value="C:\Users\Hasee"/>
    <property name="user.language" value="zh"/>
    <property name="java.specification.vendor" value="Oracle Corporation"/>
    <property name="java.home" value="C:\Program Files\Java\jdk1.8.0_221\jre"/>
    <property name="basedir" value="E:\soft\workspace\SpringBoot\helloworld"/>
    <property name="file.separator" value="\"/>
    <property name="line.separator" value="&#10;"/>
    <property name="java.vm.specification.vendor" value="Oracle Corporation"/>
    <property name="java.specification.name" value="Java Platform API Specification"/>
    <property name="java.awt.graphicsenv" value="sun.awt.Win32GraphicsEnvironment"/>
    <property name="surefire.real.class.path" value="C:\Users\Hasee\AppData\Local\Temp\surefire4287909193105031544\surefirebooter2274859671205640482.jar"/>
    <property name="sun.boot.class.path" value="C:\Program Files\Java\jdk1.8.0_221\jre\lib\resources.jar;C:\Program Files\Java\jdk1.8.0_221\jre\lib\rt.jar;C:\Program Files\Java\jdk1.8.0_221\jre\lib\sunrsasign.jar;C:\Program Files\Java\jdk1.8.0_221\jre\lib\jsse.jar;C:\Program Files\Java\jdk1.8.0_221\jre\lib\jce.jar;C:\Program Files\Java\jdk1.8.0_221\jre\lib\charsets.jar;C:\Program Files\Java\jdk1.8.0_221\jre\lib\jfr.jar;C:\Program Files\Java\jdk1.8.0_221\jre\classes"/>
    <property name="user.script" value=""/>
    <property name="sun.management.compiler" value="HotSpot 64-Bit Tiered Compilers"/>
    <property name="java.runtime.version" value="1.8.0_221-b11"/>
    <property name="user.name" value="Hasee"/>
    <property name="path.separator" value=";"/>
    <property name="os.version" value="10.0"/>
    <property name="java.endorsed.dirs" value="C:\Program Files\Java\jdk1.8.0_221\jre\lib\endorsed"/>
    <property name="java.runtime.name" value="Java(TM) SE Runtime Environment"/>
    <property name="file.encoding" value="GBK"/>
    <property name="java.vm.name" value="Java HotSpot(TM) 64-Bit Server VM"/>
    <property name="localRepository" value="E:\maven\localRepository"/>
    <property name="java.vendor.url.bug" value="http://bugreport.sun.com/bugreport/"/>
    <property name="java.io.tmpdir" value="C:\Users\Hasee\AppData\Local\Temp\"/>
    <property name="idea.version" value="2020.3.2"/>
    <property name="java.version" value="1.8.0_221"/>
    <property name="user.dir" value="E:\soft\workspace\SpringBoot\helloworld"/>
    <property name="os.arch" value="amd64"/>
    <property name="java.vm.specification.name" value="Java Virtual Machine Specification"/>
    <property name="java.awt.printerjob" value="sun.awt.windows.WPrinterJob"/>
    <property name="sun.os.patch.level" value=""/>
    <property name="java.library.path" value="C:\Program Files\Java\jdk1.8.0_221\jre\bin;C:\WINDOWS\Sun\Java\bin;C:\WINDOWS\system32;C:\WINDOWS;C:\Program Files (x86)\Common Files\Oracle\Java\javapath;E:\soft\mysql\mysql-5.7.19-winx64\bin;C:\Windows\system32;C:\Windows;C:\Windows\System32\Wbem;C:\Windows\System32\WindowsPowerShell\v1.0\;C:\Windows\System32\OpenSSH\;C:\Program Files (x86)\NVIDIA Corporation\PhysX\Common;C:\Program Files\NVIDIA Corporation\NVIDIA NvDLISR;C:\Program Files\Intel\WiFi\bin\;C:\Program Files\Common Files\Intel\WirelessCommon\;C:\Program Files\Java\jdk1.8.0_221\bin;C:\WINDOWS\system32;C:\WINDOWS;C:\WINDOWS\System32\Wbem;C:\WINDOWS\System32\WindowsPowerShell\v1.0\;C:\WINDOWS\System32\OpenSSH\;C:\Program Files\MySQL\MySQL Server 5.7\bin;E:\Git\Git\cmd;E:\goproject;D:\Program Files\GO\bin;E:\Matlab R2020a\runtime\win64;E:\Matlab R2020a\bin;E:\Matlab R2020a\polyspace\bin;E:\ab\runtime\win64;E:\ab\bin;E:\ab\polyspace\bin;E:\Program Files\node\;C:\ProgramData\chocolatey\bin;E:\maven\apache-maven-3.6.3\bin;C:\Users\Hasee\AppData\Local\Microsoft\WindowsApps;C:\Microsoft VS Code\bin;C:\Users\Hasee\AppData\Local\BypassRuntm;C:\Users\Hasee\AppData\Local\Microsoft\WindowsApps;;D:\IDEA\IntelliJ IDEA Community Edition 2020.2\bin;;D:\Program Files\PyCharm 2019.1.3\bin;;C:\Users\Hasee\go\bin;D:\Program Files (x86)\IDEA\IntelliJ IDEA 2020.3.2\bin;;C:\Users\Hasee\AppData\Roaming\npm;."/>
    <property name="java.vm.info" value="mixed mode"/>
    <property name="java.vendor" value="Oracle Corporation"/>
    <property name="java.vm.version" value="25.221-b11"/>
    <property name="java.ext.dirs" value="C:\Program Files\Java\jdk1.8.0_221\jre\lib\ext;C:\WINDOWS\Sun\Java\lib\ext"/>
    <property name="sun.io.unicode.encoding" value="UnicodeLittle"/>
    <property name="java.class.version" value="52.0"/>
  </properties>
  <testcase name="contextLoads" classname="com.mao.helloworld.HelloworldApplicationTests" time="0.124"/>
</testsuite>